<?xml version="1.0" encoding="UTF-8"?>
<testsuite name="org.fpm.di.example.Example" tests="7" skipped="0" failures="0" errors="0" timestamp="2022-12-26T13:29:34" hostname="DESKTOP-51JS3PT" time="0.013">
  <properties/>
  <testcase name="Dasha_is_Girl" classname="org.fpm.di.example.Example" time="0.01"/>
  <testcase name="Different_Humans_has_different_Brains" classname="org.fpm.di.example.Example" time="0.001"/>
  <testcase name="Different_Humans_has_different_Hearts" classname="org.fpm.di.example.Example" time="0.0"/>
  <testcase name="shouldInjectSingleton" classname="org.fpm.di.example.Example" time="0.001"/>
  <testcase name="shouldInjectPrototype" classname="org.fpm.di.example.Example" time="0.0"/>
  <testcase name="shouldBuildInjectionGraph" classname="org.fpm.di.example.Example" time="0.001"/>
  <testcase name="shouldBuildInjectDependencies" classname="org.fpm.di.example.Example" time="0.0"/>
  <system-out><![CDATA[]]></system-out>
  <system-err><![CDATA[]]></system-err>
</testsuite>
